2026-07-24 13:51:00 Sweep starting: 24 combinations, num_clients=8, noise_multipliers=(0.01, 0.05, 0.1, 0.25, 0.5, 1.0), force=False
2026-07-24 13:51:00 START noise8__homogeneous__global-dp__fedavg__nm0p01
2026-07-24 13:57:28 DONE  noise8__homogeneous__global-dp__fedavg__nm0p01 (388.1s)
2026-07-24 13:57:28 PROGRESS 1/24 (0 failed so far)
2026-07-24 13:57:28 START noise8__homogeneous__metric-privacy__fedavg__nm0p01
2026-07-24 14:04:02 DONE  noise8__homogeneous__metric-privacy__fedavg__nm0p01 (393.5s)
2026-07-24 14:04:02 PROGRESS 2/24 (0 failed so far)
2026-07-24 14:04:02 START noise8__homogeneous__global-dp__fedavg__nm0p05
2026-07-24 14:10:28 DONE  noise8__homogeneous__global-dp__fedavg__nm0p05 (385.9s)
2026-07-24 14:10:28 PROGRESS 3/24 (0 failed so far)
2026-07-24 14:10:28 START noise8__homogeneous__metric-privacy__fedavg__nm0p05
2026-07-24 14:16:58 DONE  noise8__homogeneous__metric-privacy__fedavg__nm0p05 (390.1s)
2026-07-24 14:16:58 PROGRESS 4/24 (0 failed so far)
2026-07-24 14:16:58 START noise8__homogeneous__global-dp__fedavg__nm0p1
2026-07-24 14:23:37 DONE  noise8__homogeneous__global-dp__fedavg__nm0p1 (398.9s)
2026-07-24 14:23:37 PROGRESS 5/24 (0 failed so far)
2026-07-24 14:23:37 START noise8__homogeneous__metric-privacy__fedavg__nm0p1
2026-07-24 14:29:41 FAILED noise8__homogeneous__metric-privacy__fedavg__nm0p1 (exit=1, 364.7s)
2026-07-24 14:29:41 PROGRESS 6/24 (1 failed so far)
2026-07-24 14:29:41 START noise8__homogeneous__global-dp__fedavg__nm0p25
2026-07-24 14:33:20 FAILED noise8__homogeneous__global-dp__fedavg__nm0p25 (exit=1, 218.8s)
2026-07-24 14:33:20 PROGRESS 7/24 (2 failed so far)
2026-07-24 14:33:20 START noise8__homogeneous__metric-privacy__fedavg__nm0p25
2026-07-24 14:38:19 FAILED noise8__homogeneous__metric-privacy__fedavg__nm0p25 (exit=1, 299.2s)
2026-07-24 14:38:19 PROGRESS 8/24 (3 failed so far)
2026-07-24 14:38:19 START noise8__homogeneous__global-dp__fedavg__nm0p5
2026-07-24 14:40:02 FAILED noise8__homogeneous__global-dp__fedavg__nm0p5 (exit=1, 102.5s)
2026-07-24 14:40:02 PROGRESS 9/24 (4 failed so far)
2026-07-24 14:40:02 START noise8__homogeneous__metric-privacy__fedavg__nm0p5
2026-07-24 14:42:25 FAILED noise8__homogeneous__metric-privacy__fedavg__nm0p5 (exit=1, 143.2s)
2026-07-24 14:42:25 PROGRESS 10/24 (5 failed so far)
2026-07-24 14:42:25 START noise8__homogeneous__global-dp__fedavg__nm1
2026-07-24 14:43:26 FAILED noise8__homogeneous__global-dp__fedavg__nm1 (exit=1, 61.2s)
2026-07-24 14:43:26 PROGRESS 11/24 (6 failed so far)
2026-07-24 14:43:26 START noise8__homogeneous__metric-privacy__fedavg__nm1
2026-07-24 14:44:22 FAILED noise8__homogeneous__metric-privacy__fedavg__nm1 (exit=1, 55.8s)
2026-07-24 14:44:22 PROGRESS 12/24 (7 failed so far)
2026-07-24 14:44:22 START noise8__non-iid__global-dp__fedavg__nm0p01
2026-07-24 14:51:30 DONE  noise8__non-iid__global-dp__fedavg__nm0p01 (428.1s)
2026-07-24 14:51:30 PROGRESS 13/24 (7 failed so far)
2026-07-24 14:51:30 START noise8__non-iid__metric-privacy__fedavg__nm0p01
2026-07-24 14:58:03 DONE  noise8__non-iid__metric-privacy__fedavg__nm0p01 (392.8s)
2026-07-24 14:58:03 PROGRESS 14/24 (7 failed so far)
2026-07-24 14:58:03 START noise8__non-iid__global-dp__fedavg__nm0p05
2026-07-24 15:05:09 DONE  noise8__non-iid__global-dp__fedavg__nm0p05 (426.5s)
2026-07-24 15:05:09 PROGRESS 15/24 (7 failed so far)
2026-07-24 15:05:09 START noise8__non-iid__metric-privacy__fedavg__nm0p05
2026-07-24 15:11:40 DONE  noise8__non-iid__metric-privacy__fedavg__nm0p05 (390.9s)
2026-07-24 15:11:40 PROGRESS 16/24 (7 failed so far)
2026-07-24 15:11:40 START noise8__non-iid__global-dp__fedavg__nm0p1
2026-07-24 15:18:15 DONE  noise8__non-iid__global-dp__fedavg__nm0p1 (395.1s)
2026-07-24 15:18:15 PROGRESS 17/24 (7 failed so far)
2026-07-24 15:18:15 START noise8__non-iid__metric-privacy__fedavg__nm0p1
2026-07-24 15:25:38 DONE  noise8__non-iid__metric-privacy__fedavg__nm0p1 (442.4s)
2026-07-24 15:25:38 PROGRESS 18/24 (7 failed so far)
2026-07-24 15:25:38 START noise8__non-iid__global-dp__fedavg__nm0p25
2026-07-24 15:29:48 FAILED noise8__non-iid__global-dp__fedavg__nm0p25 (exit=1, 250.6s)
2026-07-24 15:29:48 PROGRESS 19/24 (8 failed so far)
2026-07-24 15:29:48 START noise8__non-iid__metric-privacy__fedavg__nm0p25
2026-07-24 15:33:53 FAILED noise8__non-iid__metric-privacy__fedavg__nm0p25 (exit=1, 245.0s)
2026-07-24 15:33:53 PROGRESS 20/24 (9 failed so far)
2026-07-24 15:33:53 START noise8__non-iid__global-dp__fedavg__nm0p5
2026-07-24 15:35:22 FAILED noise8__non-iid__global-dp__fedavg__nm0p5 (exit=1, 88.7s)
2026-07-24 15:35:22 PROGRESS 21/24 (10 failed so far)
2026-07-24 15:35:22 START noise8__non-iid__metric-privacy__fedavg__nm0p5
2026-07-24 15:36:48 FAILED noise8__non-iid__metric-privacy__fedavg__nm0p5 (exit=1, 85.7s)
2026-07-24 15:36:48 PROGRESS 22/24 (11 failed so far)
2026-07-24 15:36:48 START noise8__non-iid__global-dp__fedavg__nm1
2026-07-24 15:37:51 FAILED noise8__non-iid__global-dp__fedavg__nm1 (exit=1, 62.6s)
2026-07-24 15:37:51 PROGRESS 23/24 (12 failed so far)
2026-07-24 15:37:51 START noise8__non-iid__metric-privacy__fedavg__nm1
2026-07-24 15:39:21 FAILED noise8__non-iid__metric-privacy__fedavg__nm1 (exit=1, 90.7s)
2026-07-24 15:39:21 PROGRESS 24/24 (13 failed so far)
2026-07-24 15:39:21 Sweep finished: 24/24 attempted, 13 failed
2026-07-24 15:39:21 Failed combinations: noise8__homogeneous__metric-privacy__fedavg__nm0p1, noise8__homogeneous__global-dp__fedavg__nm0p25, noise8__homogeneous__metric-privacy__fedavg__nm0p25, noise8__homogeneous__global-dp__fedavg__nm0p5, noise8__homogeneous__metric-privacy__fedavg__nm0p5, noise8__homogeneous__global-dp__fedavg__nm1, noise8__homogeneous__metric-privacy__fedavg__nm1, noise8__non-iid__global-dp__fedavg__nm0p25, noise8__non-iid__metric-privacy__fedavg__nm0p25, noise8__non-iid__global-dp__fedavg__nm0p5, noise8__non-iid__metric-privacy__fedavg__nm0p5, noise8__non-iid__global-dp__fedavg__nm1, noise8__non-iid__metric-privacy__fedavg__nm1
