2026-07-22 20:08:19 Sweep starting: 36 combinations, num_clients=8
2026-07-22 20:08:19 START scaling8__homogeneous__vanilla__fedavg
2026-07-22 20:14:56 DONE  scaling8__homogeneous__vanilla__fedavg (396.3s)
2026-07-22 20:14:56 PROGRESS 1/36 (0 failed so far)
2026-07-22 20:14:56 START scaling8__homogeneous__vanilla__fedavgm
2026-07-22 20:15:37 Sweep starting: 36 combinations, num_clients=8, force=False
2026-07-22 20:15:37 SKIP  scaling8__homogeneous__vanilla__fedavg (already complete)
2026-07-22 20:15:37 PROGRESS 1/36 (0 failed so far)
2026-07-22 20:15:37 START scaling8__homogeneous__vanilla__fedavgm
2026-07-22 20:22:40 DONE  scaling8__homogeneous__vanilla__fedavgm (423.1s)
2026-07-22 20:22:40 PROGRESS 2/36 (0 failed so far)
2026-07-22 20:22:40 START scaling8__homogeneous__vanilla__fedmedian
2026-07-22 20:29:19 DONE  scaling8__homogeneous__vanilla__fedmedian (398.7s)
2026-07-22 20:29:19 PROGRESS 3/36 (0 failed so far)
2026-07-22 20:29:19 START scaling8__homogeneous__vanilla__fedprox
2026-07-22 20:36:11 DONE  scaling8__homogeneous__vanilla__fedprox (412.0s)
2026-07-22 20:36:11 PROGRESS 4/36 (0 failed so far)
2026-07-22 20:36:11 START scaling8__homogeneous__vanilla__fedopt
2026-07-22 20:42:59 DONE  scaling8__homogeneous__vanilla__fedopt (407.7s)
2026-07-22 20:42:59 PROGRESS 5/36 (0 failed so far)
2026-07-22 20:42:59 START scaling8__homogeneous__vanilla__fedyogi
2026-07-22 20:49:50 DONE  scaling8__homogeneous__vanilla__fedyogi (411.4s)
2026-07-22 20:49:50 PROGRESS 6/36 (0 failed so far)
2026-07-22 20:49:50 START scaling8__homogeneous__global-dp__fedavg
2026-07-22 20:56:37 DONE  scaling8__homogeneous__global-dp__fedavg (406.8s)
2026-07-22 20:56:37 PROGRESS 7/36 (0 failed so far)
2026-07-22 20:56:37 START scaling8__homogeneous__global-dp__fedavgm
2026-07-22 21:03:20 DONE  scaling8__homogeneous__global-dp__fedavgm (402.9s)
2026-07-22 21:03:20 PROGRESS 8/36 (0 failed so far)
2026-07-22 21:03:20 START scaling8__homogeneous__global-dp__fedmedian
2026-07-22 21:09:59 DONE  scaling8__homogeneous__global-dp__fedmedian (399.3s)
2026-07-22 21:09:59 PROGRESS 9/36 (0 failed so far)
2026-07-22 21:09:59 START scaling8__homogeneous__global-dp__fedprox
2026-07-22 21:14:43 FAILED scaling8__homogeneous__global-dp__fedprox (exit=-15, 284.4s)
2026-07-22 21:14:43 PROGRESS 10/36 (1 failed so far)
2026-07-22 21:14:43 START scaling8__homogeneous__global-dp__fedopt
2026-07-22 21:21:36 DONE  scaling8__homogeneous__global-dp__fedopt (412.9s)
2026-07-22 21:21:36 PROGRESS 11/36 (1 failed so far)
2026-07-22 21:21:36 START scaling8__homogeneous__global-dp__fedyogi
2026-07-22 21:28:24 DONE  scaling8__homogeneous__global-dp__fedyogi (407.1s)
2026-07-22 21:28:24 PROGRESS 12/36 (1 failed so far)
2026-07-22 21:28:24 START scaling8__homogeneous__metric-privacy__fedavg
2026-07-22 21:35:06 DONE  scaling8__homogeneous__metric-privacy__fedavg (402.2s)
2026-07-22 21:35:06 PROGRESS 13/36 (1 failed so far)
2026-07-22 21:35:06 START scaling8__homogeneous__metric-privacy__fedavgm
2026-07-22 21:41:58 DONE  scaling8__homogeneous__metric-privacy__fedavgm (411.9s)
2026-07-22 21:41:58 PROGRESS 14/36 (1 failed so far)
2026-07-22 21:41:58 START scaling8__homogeneous__metric-privacy__fedmedian
2026-07-22 21:48:48 DONE  scaling8__homogeneous__metric-privacy__fedmedian (410.3s)
2026-07-22 21:48:48 PROGRESS 15/36 (1 failed so far)
2026-07-22 21:48:48 START scaling8__homogeneous__metric-privacy__fedprox
2026-07-23 21:25:42 Sweep starting: 36 combinations, num_clients=8, force=False
2026-07-23 21:25:42 SKIP  scaling8__homogeneous__vanilla__fedavg (already complete)
2026-07-23 21:25:42 PROGRESS 1/36 (0 failed so far)
2026-07-23 21:25:42 SKIP  scaling8__homogeneous__vanilla__fedavgm (already complete)
2026-07-23 21:25:42 PROGRESS 2/36 (0 failed so far)
2026-07-23 21:25:42 SKIP  scaling8__homogeneous__vanilla__fedmedian (already complete)
2026-07-23 21:25:42 PROGRESS 3/36 (0 failed so far)
2026-07-23 21:25:42 SKIP  scaling8__homogeneous__vanilla__fedprox (already complete)
2026-07-23 21:25:42 PROGRESS 4/36 (0 failed so far)
2026-07-23 21:25:42 SKIP  scaling8__homogeneous__vanilla__fedopt (already complete)
2026-07-23 21:25:42 PROGRESS 5/36 (0 failed so far)
2026-07-23 21:25:42 SKIP  scaling8__homogeneous__vanilla__fedyogi (already complete)
2026-07-23 21:25:42 PROGRESS 6/36 (0 failed so far)
2026-07-23 21:25:42 SKIP  scaling8__homogeneous__global-dp__fedavg (already complete)
2026-07-23 21:25:42 PROGRESS 7/36 (0 failed so far)
2026-07-23 21:25:42 SKIP  scaling8__homogeneous__global-dp__fedavgm (already complete)
2026-07-23 21:25:42 PROGRESS 8/36 (0 failed so far)
2026-07-23 21:25:42 SKIP  scaling8__homogeneous__global-dp__fedmedian (already complete)
2026-07-23 21:25:42 PROGRESS 9/36 (0 failed so far)
2026-07-23 21:25:42 SKIP  scaling8__homogeneous__global-dp__fedprox (already complete)
2026-07-23 21:25:42 PROGRESS 10/36 (0 failed so far)
2026-07-23 21:25:42 SKIP  scaling8__homogeneous__global-dp__fedopt (already complete)
2026-07-23 21:25:42 PROGRESS 11/36 (0 failed so far)
2026-07-23 21:25:42 SKIP  scaling8__homogeneous__global-dp__fedyogi (already complete)
2026-07-23 21:25:42 PROGRESS 12/36 (0 failed so far)
2026-07-23 21:25:42 SKIP  scaling8__homogeneous__metric-privacy__fedavg (already complete)
2026-07-23 21:25:42 PROGRESS 13/36 (0 failed so far)
2026-07-23 21:25:42 SKIP  scaling8__homogeneous__metric-privacy__fedavgm (already complete)
2026-07-23 21:25:42 PROGRESS 14/36 (0 failed so far)
2026-07-23 21:25:42 SKIP  scaling8__homogeneous__metric-privacy__fedmedian (already complete)
2026-07-23 21:25:42 PROGRESS 15/36 (0 failed so far)
2026-07-23 21:25:42 SKIP  scaling8__homogeneous__metric-privacy__fedprox (already complete)
2026-07-23 21:25:42 PROGRESS 16/36 (0 failed so far)
2026-07-23 21:25:42 SKIP  scaling8__homogeneous__metric-privacy__fedopt (already complete)
2026-07-23 21:25:42 PROGRESS 17/36 (0 failed so far)
2026-07-23 21:25:42 SKIP  scaling8__homogeneous__metric-privacy__fedyogi (already complete)
2026-07-23 21:25:42 PROGRESS 18/36 (0 failed so far)
2026-07-23 21:25:42 START scaling8__non-iid__vanilla__fedavg
2026-07-23 21:32:20 DONE  scaling8__non-iid__vanilla__fedavg (398.0s)
2026-07-23 21:32:20 PROGRESS 19/36 (0 failed so far)
2026-07-23 21:32:20 START scaling8__non-iid__vanilla__fedavgm
2026-07-23 21:38:44 DONE  scaling8__non-iid__vanilla__fedavgm (384.2s)
2026-07-23 21:38:44 PROGRESS 20/36 (0 failed so far)
2026-07-23 21:38:44 START scaling8__non-iid__vanilla__fedmedian
2026-07-23 21:45:17 DONE  scaling8__non-iid__vanilla__fedmedian (392.7s)
2026-07-23 21:45:17 PROGRESS 21/36 (0 failed so far)
2026-07-23 21:45:17 START scaling8__non-iid__vanilla__fedprox
2026-07-23 21:52:05 DONE  scaling8__non-iid__vanilla__fedprox (408.4s)
2026-07-23 21:52:05 PROGRESS 22/36 (0 failed so far)
2026-07-23 21:52:05 START scaling8__non-iid__vanilla__fedopt
2026-07-23 21:58:38 DONE  scaling8__non-iid__vanilla__fedopt (393.4s)
2026-07-23 21:58:38 PROGRESS 23/36 (0 failed so far)
2026-07-23 21:58:38 START scaling8__non-iid__vanilla__fedyogi
2026-07-23 22:05:30 DONE  scaling8__non-iid__vanilla__fedyogi (411.4s)
2026-07-23 22:05:30 PROGRESS 24/36 (0 failed so far)
2026-07-23 22:05:30 START scaling8__non-iid__global-dp__fedavg
2026-07-23 22:12:09 DONE  scaling8__non-iid__global-dp__fedavg (399.2s)
2026-07-23 22:12:09 PROGRESS 25/36 (0 failed so far)
2026-07-23 22:12:09 START scaling8__non-iid__global-dp__fedavgm
2026-07-23 22:19:58 DONE  scaling8__non-iid__global-dp__fedavgm (469.0s)
2026-07-23 22:19:58 PROGRESS 26/36 (0 failed so far)
2026-07-23 22:19:58 START scaling8__non-iid__global-dp__fedmedian
2026-07-23 22:26:45 DONE  scaling8__non-iid__global-dp__fedmedian (407.5s)
2026-07-23 22:26:45 PROGRESS 27/36 (0 failed so far)
2026-07-23 22:26:45 START scaling8__non-iid__global-dp__fedprox
2026-07-23 22:33:53 DONE  scaling8__non-iid__global-dp__fedprox (428.0s)
2026-07-23 22:33:53 PROGRESS 28/36 (0 failed so far)
2026-07-23 22:33:53 START scaling8__non-iid__global-dp__fedopt
2026-07-23 22:41:18 DONE  scaling8__non-iid__global-dp__fedopt (445.0s)
2026-07-23 22:41:18 PROGRESS 29/36 (0 failed so far)
2026-07-23 22:41:18 START scaling8__non-iid__global-dp__fedyogi
2026-07-23 22:48:01 DONE  scaling8__non-iid__global-dp__fedyogi (402.7s)
2026-07-23 22:48:01 PROGRESS 30/36 (0 failed so far)
2026-07-23 22:48:01 START scaling8__non-iid__metric-privacy__fedavg
2026-07-23 22:54:45 DONE  scaling8__non-iid__metric-privacy__fedavg (403.6s)
2026-07-23 22:54:45 PROGRESS 31/36 (0 failed so far)
2026-07-23 22:54:45 START scaling8__non-iid__metric-privacy__fedavgm
2026-07-23 22:59:09 Sweep starting: 18 combinations, num_clients=8, force=False
2026-07-23 22:59:09 SKIP  scaling8__homogeneous__vanilla__fedavg (already complete)
2026-07-23 22:59:09 PROGRESS 1/18 (0 failed so far)
2026-07-23 22:59:09 SKIP  scaling8__homogeneous__vanilla__fedavgm (already complete)
2026-07-23 22:59:09 PROGRESS 2/18 (0 failed so far)
2026-07-23 22:59:09 SKIP  scaling8__homogeneous__vanilla__fedyogi (already complete)
2026-07-23 22:59:09 PROGRESS 3/18 (0 failed so far)
2026-07-23 22:59:09 SKIP  scaling8__homogeneous__global-dp__fedavg (already complete)
2026-07-23 22:59:09 PROGRESS 4/18 (0 failed so far)
2026-07-23 22:59:09 SKIP  scaling8__homogeneous__global-dp__fedavgm (already complete)
2026-07-23 22:59:09 PROGRESS 5/18 (0 failed so far)
2026-07-23 22:59:09 SKIP  scaling8__homogeneous__global-dp__fedyogi (already complete)
2026-07-23 22:59:09 PROGRESS 6/18 (0 failed so far)
2026-07-23 22:59:09 SKIP  scaling8__homogeneous__metric-privacy__fedavg (already complete)
2026-07-23 22:59:09 PROGRESS 7/18 (0 failed so far)
2026-07-23 22:59:09 SKIP  scaling8__homogeneous__metric-privacy__fedavgm (already complete)
2026-07-23 22:59:09 PROGRESS 8/18 (0 failed so far)
2026-07-23 22:59:09 SKIP  scaling8__homogeneous__metric-privacy__fedyogi (already complete)
2026-07-23 22:59:09 PROGRESS 9/18 (0 failed so far)
2026-07-23 22:59:09 SKIP  scaling8__non-iid__vanilla__fedavg (already complete)
2026-07-23 22:59:09 PROGRESS 10/18 (0 failed so far)
2026-07-23 22:59:09 SKIP  scaling8__non-iid__vanilla__fedavgm (already complete)
2026-07-23 22:59:09 PROGRESS 11/18 (0 failed so far)
2026-07-23 22:59:09 SKIP  scaling8__non-iid__vanilla__fedyogi (already complete)
2026-07-23 22:59:09 PROGRESS 12/18 (0 failed so far)
2026-07-23 22:59:09 SKIP  scaling8__non-iid__global-dp__fedavg (already complete)
2026-07-23 22:59:09 PROGRESS 13/18 (0 failed so far)
2026-07-23 22:59:09 SKIP  scaling8__non-iid__global-dp__fedavgm (already complete)
2026-07-23 22:59:09 PROGRESS 14/18 (0 failed so far)
2026-07-23 22:59:09 SKIP  scaling8__non-iid__global-dp__fedyogi (already complete)
2026-07-23 22:59:09 PROGRESS 15/18 (0 failed so far)
2026-07-23 22:59:09 SKIP  scaling8__non-iid__metric-privacy__fedavg (already complete)
2026-07-23 22:59:09 PROGRESS 16/18 (0 failed so far)
2026-07-23 22:59:09 START scaling8__non-iid__metric-privacy__fedavgm
2026-07-23 23:05:44 DONE  scaling8__non-iid__metric-privacy__fedavgm (394.8s)
2026-07-23 23:05:44 PROGRESS 17/18 (0 failed so far)
2026-07-23 23:05:44 START scaling8__non-iid__metric-privacy__fedyogi
2026-07-23 23:12:19 DONE  scaling8__non-iid__metric-privacy__fedyogi (394.6s)
2026-07-23 23:12:19 PROGRESS 18/18 (0 failed so far)
2026-07-23 23:12:19 Sweep finished: 18/18 attempted, 0 failed
