{
  "partition-mode": "homogeneous",
  "partition-profile": "auto",
  "client-weights": "",
  "data-module": "experiments.reproduce.dataset.alzheimer:create_data_module",
  "data-cache-dir": "",
  "privacy": "vanilla",
  "aggregation": "fedavg",
  "seed": 42,
  "num-server-rounds": 1,
  "num-clients": 4,
  "fraction-evaluate": 1.0,
  "local-epochs": 1,
  "learning-rate": 0.001,
  "batch-size": 32,
  "initialization-batch-size": 32,
  "initialization-epochs": 1,
  "initialization-learning-rate": 0.001,
  "max-client-samples": 32,
  "max-test-samples": 64,
  "noise-multiplier": 0.01,
  "clipping-norm": 5.0,
  "output-dir": "/teamspace/studios/this_studio/results/dataloader-workers/smoke",
  "run-name": "smoke__workers",
  "save-model": false
}
[93mWARNING [0m:   DEPRECATED FEATURE: The `run_simulation` function is deprecated and will be removed in a future version of Flower. Please use `flwr run` in the CLI instead to run your simulation. Refer to the Flower Tutorials for more details: https://flower.ai/docs/framework/tutorial-quickstart-pytorch.html

            This is a deprecated feature. It will be removed
            entirely in future versions of Flower.
        
Warning: You are sending unauthenticated requests to the HF Hub. Please set a HF_TOKEN to enable higher rate limits and faster downloads.
/tmp/paper-reproduction-4re_56pi/venv/lib/python3.13/site-packages/ray/_private/worker.py:2051: FutureWarning: Tip: In future versions of Ray, Ray will no longer override accelerator visible devices env var if num_gpus=0 or num_gpus=None (default). To enable this behavior and turn off this error message, set RAY_ACCEL_ENV_VAR_OVERRIDE_ON_ZERO=0
  warnings.warn(
[92mINFO [0m:      Starting FedAvg strategy:
[92mINFO [0m:      	├── Number of rounds: 1
[92mINFO [0m:      	├── ArrayRecord (24.86 MB)
[92mINFO [0m:      	├── ConfigRecord (train): {'lr': 0.001}
[92mINFO [0m:      	├── ConfigRecord (evaluate): (empty!)
[92mINFO [0m:      	├──> Sampling:
[92mINFO [0m:      	│	├──Fraction: train (1.00) | evaluate ( 1.00)
[92mINFO [0m:      	│	├──Minimum nodes: train (4) | evaluate (4)
[92mINFO [0m:      	│	└──Minimum available nodes: 4
[92mINFO [0m:      	└──> Keys in records:
[92mINFO [0m:      		├── Weighted by: 'num-examples'
[92mINFO [0m:      		├── ArrayRecord key: 'arrays'
[92mINFO [0m:      		└── ConfigRecord key: 'config'
[92mINFO [0m:      
/system/conda/miniconda3/uv/python/cpython-3.13.13-linux-x86_64-gnu/lib/python3.13/multiprocessing/popen_fork.py:67: DeprecationWarning: This process (pid=355079) is multi-threaded, use of fork() may lead to deadlocks in the child.
  self.pid = os.fork()
/tmp/paper-reproduction-4re_56pi/venv/lib/python3.13/site-packages/torch/utils/data/_utils/pin_memory.py:57: DeprecationWarning: The argument 'device' of Tensor.pin_memory() is deprecated. Please do not pass this argument. (Triggered internally at /pytorch/aten/src/ATen/native/Memory.cpp:46.)
  return data.pin_memory(device)
/tmp/paper-reproduction-4re_56pi/venv/lib/python3.13/site-packages/torch/utils/data/_utils/pin_memory.py:57: DeprecationWarning: The argument 'device' of Tensor.is_pinned() is deprecated. Please do not pass this argument. (Triggered internally at /pytorch/aten/src/ATen/native/Memory.cpp:31.)
  return data.pin_memory(device)
[92mINFO [0m:      Initial global evaluation results: {'loss': 1.443381428718567, 'accuracy': 0.0}
[92mINFO [0m:      
[92mINFO [0m:      [ROUND 1/1]
[92mINFO [0m:      configure_train: Sampled 4 nodes (out of 4)
[36m(ClientAppActor pid=355399)[0m Warning: You are sending unauthenticated requests to the HF Hub. Please set a HF_TOKEN to enable higher rate limits and faster downloads.
[36m(ClientAppActor pid=355399)[0m /system/conda/miniconda3/uv/python/cpython-3.13.13-linux-x86_64-gnu/lib/python3.13/multiprocessing/popen_fork.py:67: DeprecationWarning: This process (pid=355399) is multi-threaded, use of fork() may lead to deadlocks in the child.
[36m(ClientAppActor pid=355399)[0m   self.pid = os.fork()
[36m(ClientAppActor pid=355399)[0m /tmp/paper-reproduction-4re_56pi/venv/lib/python3.13/site-packages/torch/utils/data/_utils/pin_memory.py:57: DeprecationWarning: The argument 'device' of Tensor.pin_memory() is deprecated. Please do not pass this argument. (Triggered internally at /pytorch/aten/src/ATen/native/Memory.cpp:46.)
[36m(ClientAppActor pid=355399)[0m   return data.pin_memory(device)
[36m(ClientAppActor pid=355399)[0m /tmp/paper-reproduction-4re_56pi/venv/lib/python3.13/site-packages/torch/utils/data/_utils/pin_memory.py:57: DeprecationWarning: The argument 'device' of Tensor.is_pinned() is deprecated. Please do not pass this argument. (Triggered internally at /pytorch/aten/src/ATen/native/Memory.cpp:31.)
[36m(ClientAppActor pid=355399)[0m   return data.pin_memory(device)
[92mINFO [0m:      aggregate_train: Received 4 results and 0 failures
[92mINFO [0m:      	└──> Aggregated MetricRecord: {'train_loss': 1.4356001615524292, 'train_loss_mean': 1.4356001615524292}
[92mINFO [0m:      configure_evaluate: Sampled 4 nodes (out of 4)
[92mINFO [0m:      aggregate_evaluate: Received 4 results and 0 failures
[92mINFO [0m:      	└──> Aggregated MetricRecord: {'eval_loss': 1.2833524090903148, 'eval_acc': 0.5}
[92mINFO [0m:      Global evaluation
[92mINFO [0m:      	└──> MetricRecord: {'loss': 1.294980764389038, 'accuracy': 0.5}
[92mINFO [0m:      
[92mINFO [0m:      Strategy execution finished in 9.25s
[92mINFO [0m:      
[92mINFO [0m:      Final results:
[92mINFO [0m:      
[92mINFO [0m:      	Global Arrays:
[92mINFO [0m:      		ArrayRecord (24.864 MB)
[92mINFO [0m:      	
[92mINFO [0m:      	Aggregated ClientApp-side Train Metrics:
[92mINFO [0m:      	{1: {'train_loss': '1.4356e+00', 'train_loss_mean': '1.4356e+00'}}
[92mINFO [0m:      	
[92mINFO [0m:      	Aggregated ClientApp-side Evaluate Metrics:
[92mINFO [0m:      	{1: {'eval_acc': '5.0000e-01', 'eval_loss': '1.2834e+00'}}
[92mINFO [0m:      	
[92mINFO [0m:      	ServerApp-side Evaluate Metrics:
[92mINFO [0m:      	{ 0: {'accuracy': '0.0000e+00', 'loss': '1.4434e+00'},
[92mINFO [0m:      	  1: {'accuracy': '5.0000e-01', 'loss': '1.2950e+00'}}
[92mINFO [0m:      
Experiment result written to /teamspace/studios/this_studio/results/dataloader-workers/smoke/smoke__workers.json
[36m(ClientAppActor pid=355400)[0m Warning: You are sending unauthenticated requests to the HF Hub. Please set a HF_TOKEN to enable higher rate limits and faster downloads.
[36m(ClientAppActor pid=355400)[0m /system/conda/miniconda3/uv/python/cpython-3.13.13-linux-x86_64-gnu/lib/python3.13/multiprocessing/popen_fork.py:67: DeprecationWarning: This process (pid=355400) is multi-threaded, use of fork() may lead to deadlocks in the child.
[36m(ClientAppActor pid=355400)[0m   self.pid = os.fork()
[36m(ClientAppActor pid=355400)[0m /tmp/paper-reproduction-4re_56pi/venv/lib/python3.13/site-packages/torch/utils/data/_utils/pin_memory.py:57: DeprecationWarning: The argument 'device' of Tensor.pin_memory() is deprecated. Please do not pass this argument. (Triggered internally at /pytorch/aten/src/ATen/native/Memory.cpp:46.)
[36m(ClientAppActor pid=355400)[0m   return data.pin_memory(device)[32m [repeated 2x across cluster] (Ray deduplicates logs by default. Set RAY_DEDUP_LOGS=0 to disable log deduplication, or see https://docs.ray.io/en/master/ray-observability/user-guides/configure-logging.html#log-deduplication for more options.)[0m
[36m(ClientAppActor pid=355400)[0m /tmp/paper-reproduction-4re_56pi/venv/lib/python3.13/site-packages/torch/utils/data/_utils/pin_memory.py:57: DeprecationWarning: The argument 'device' of Tensor.is_pinned() is deprecated. Please do not pass this argument. (Triggered internally at /pytorch/aten/src/ATen/native/Memory.cpp:31.)
Result: /teamspace/studios/this_studio/results/dataloader-workers/smoke/smoke__workers.json
Final server metrics: {'loss': 1.294980764389038, 'accuracy': 0.5}
