2026-07-24 17:08:48 Sweep starting: 18 combinations, num_clients=48, noise_multiplier=0.05, max_parallel_clients=4, force=False
2026-07-24 17:08:48 START scaling48__homogeneous__vanilla__fedavg
2026-07-24 17:21:13 DONE  scaling48__homogeneous__vanilla__fedavg (744.4s)
2026-07-24 17:21:13 PROGRESS 1/18 (0 failed so far)
2026-07-24 17:21:13 START scaling48__homogeneous__vanilla__fedavgm
2026-07-24 17:34:09 DONE  scaling48__homogeneous__vanilla__fedavgm (776.4s)
2026-07-24 17:34:09 PROGRESS 2/18 (0 failed so far)
2026-07-24 17:34:09 START scaling48__homogeneous__vanilla__fedyogi
2026-07-24 17:46:53 DONE  scaling48__homogeneous__vanilla__fedyogi (764.0s)
2026-07-24 17:46:53 PROGRESS 3/18 (0 failed so far)
2026-07-24 17:46:53 START scaling48__homogeneous__global-dp__fedavg
2026-07-24 17:59:46 DONE  scaling48__homogeneous__global-dp__fedavg (772.4s)
2026-07-24 17:59:46 PROGRESS 4/18 (0 failed so far)
2026-07-24 17:59:46 START scaling48__homogeneous__global-dp__fedavgm
2026-07-24 18:12:31 DONE  scaling48__homogeneous__global-dp__fedavgm (765.4s)
2026-07-24 18:12:31 PROGRESS 5/18 (0 failed so far)
2026-07-24 18:12:31 START scaling48__homogeneous__global-dp__fedyogi
2026-07-24 18:25:36 DONE  scaling48__homogeneous__global-dp__fedyogi (784.9s)
2026-07-24 18:25:36 PROGRESS 6/18 (0 failed so far)
2026-07-24 18:25:36 START scaling48__homogeneous__metric-privacy__fedavg
2026-07-24 18:39:04 DONE  scaling48__homogeneous__metric-privacy__fedavg (807.9s)
2026-07-24 18:39:04 PROGRESS 7/18 (0 failed so far)
2026-07-24 18:39:04 START scaling48__homogeneous__metric-privacy__fedavgm
2026-07-24 18:52:43 DONE  scaling48__homogeneous__metric-privacy__fedavgm (818.7s)
2026-07-24 18:52:43 PROGRESS 8/18 (0 failed so far)
2026-07-24 18:52:43 START scaling48__homogeneous__metric-privacy__fedyogi
2026-07-24 19:06:23 DONE  scaling48__homogeneous__metric-privacy__fedyogi (820.1s)
2026-07-24 19:06:23 PROGRESS 9/18 (0 failed so far)
2026-07-24 19:06:23 START scaling48__non-iid__vanilla__fedavg
2026-07-24 19:19:10 DONE  scaling48__non-iid__vanilla__fedavg (767.6s)
2026-07-24 19:19:10 PROGRESS 10/18 (0 failed so far)
2026-07-24 19:19:10 START scaling48__non-iid__vanilla__fedavgm
2026-07-24 19:31:43 DONE  scaling48__non-iid__vanilla__fedavgm (752.4s)
2026-07-24 19:31:43 PROGRESS 11/18 (0 failed so far)
2026-07-24 19:31:43 START scaling48__non-iid__vanilla__fedyogi
2026-07-24 19:44:38 DONE  scaling48__non-iid__vanilla__fedyogi (775.5s)
2026-07-24 19:44:38 PROGRESS 12/18 (0 failed so far)
2026-07-24 19:44:38 START scaling48__non-iid__global-dp__fedavg
2026-07-24 19:57:23 DONE  scaling48__non-iid__global-dp__fedavg (764.4s)
2026-07-24 19:57:23 PROGRESS 13/18 (0 failed so far)
2026-07-24 19:57:23 START scaling48__non-iid__global-dp__fedavgm
2026-07-24 20:10:20 DONE  scaling48__non-iid__global-dp__fedavgm (776.8s)
2026-07-24 20:10:20 PROGRESS 14/18 (0 failed so far)
2026-07-24 20:10:20 START scaling48__non-iid__global-dp__fedyogi
2026-07-24 20:23:22 DONE  scaling48__non-iid__global-dp__fedyogi (782.0s)
2026-07-24 20:23:22 PROGRESS 15/18 (0 failed so far)
2026-07-24 20:23:22 START scaling48__non-iid__metric-privacy__fedavg
2026-07-24 20:36:10 DONE  scaling48__non-iid__metric-privacy__fedavg (768.5s)
2026-07-24 20:36:10 PROGRESS 16/18 (0 failed so far)
2026-07-24 20:36:10 START scaling48__non-iid__metric-privacy__fedavgm
2026-07-24 20:49:37 DONE  scaling48__non-iid__metric-privacy__fedavgm (807.3s)
2026-07-24 20:49:37 PROGRESS 17/18 (0 failed so far)
2026-07-24 20:49:37 START scaling48__non-iid__metric-privacy__fedyogi
2026-07-24 21:02:33 DONE  scaling48__non-iid__metric-privacy__fedyogi (775.6s)
2026-07-24 21:02:33 PROGRESS 18/18 (0 failed so far)
2026-07-24 21:02:33 Sweep finished: 18/18 attempted, 0 failed
