START_UTC=2026-07-22T16:30:55Z
PASS_1_START=2026-07-22T16:30:55Z
PASS main__homogeneous__vanilla__fedavg__noise-0.01__seed-42 existing
PASS main__homogeneous__vanilla__fedavgm__noise-0.01__seed-42 117s
PASS main__homogeneous__vanilla__fedmedian__noise-0.01__seed-42 122s
PASS main__homogeneous__vanilla__fedprox__noise-0.01__seed-42 107s
PASS main__homogeneous__vanilla__fedopt__noise-0.01__seed-42 114s
PASS main__homogeneous__global-dp__fedavg__noise-0.01__seed-42 131s
PASS main__homogeneous__vanilla__fedyogi__noise-0.01__seed-42 143s
PASS main__homogeneous__global-dp__fedavgm__noise-0.01__seed-42 125s
PASS main__homogeneous__global-dp__fedmedian__noise-0.01__seed-42 124s
PASS main__homogeneous__global-dp__fedprox__noise-0.01__seed-42 144s
PASS main__homogeneous__global-dp__fedopt__noise-0.01__seed-42 157s
PASS main__homogeneous__global-dp__fedyogi__noise-0.01__seed-42 112s
PASS main__homogeneous__metric-privacy__fedavg__noise-0.01__seed-42 111s
PASS main__homogeneous__metric-privacy__fedavgm__noise-0.01__seed-42 145s
PASS main__homogeneous__metric-privacy__fedmedian__noise-0.01__seed-42 158s
FAIL main__homogeneous__metric-privacy__fedopt__noise-0.01__seed-42 training rc=1
PASS main__homogeneous__metric-privacy__fedprox__noise-0.01__seed-42 123s
PASS main__homogeneous__metric-privacy__fedyogi__noise-0.01__seed-42 116s
PASS main__homogeneous__vanilla__fedavg__noise-0.01__seed-43 113s
PASS main__homogeneous__vanilla__fedavgm__noise-0.01__seed-43 112s
PASS main__homogeneous__vanilla__fedmedian__noise-0.01__seed-43 112s
PASS main__homogeneous__vanilla__fedprox__noise-0.01__seed-43 111s
PASS main__homogeneous__vanilla__fedopt__noise-0.01__seed-43 114s
PASS main__homogeneous__vanilla__fedyogi__noise-0.01__seed-43 159s
PASS main__homogeneous__global-dp__fedavg__noise-0.01__seed-43 172s
PASS main__homogeneous__global-dp__fedavgm__noise-0.01__seed-43 116s
PASS main__homogeneous__global-dp__fedmedian__noise-0.01__seed-43 112s
PASS main__homogeneous__global-dp__fedprox__noise-0.01__seed-43 124s
PASS main__homogeneous__global-dp__fedopt__noise-0.01__seed-43 127s
PASS main__homogeneous__global-dp__fedyogi__noise-0.01__seed-43 132s
PASS main__homogeneous__metric-privacy__fedavg__noise-0.01__seed-43 116s
PASS main__homogeneous__metric-privacy__fedavgm__noise-0.01__seed-43 120s
PASS main__homogeneous__metric-privacy__fedmedian__noise-0.01__seed-43 126s
FAIL main__homogeneous__metric-privacy__fedopt__noise-0.01__seed-43 training rc=1
PASS main__homogeneous__metric-privacy__fedprox__noise-0.01__seed-43 130s
PASS main__homogeneous__metric-privacy__fedyogi__noise-0.01__seed-43 114s
PASS main__homogeneous__vanilla__fedavg__noise-0.01__seed-44 103s
PASS main__homogeneous__vanilla__fedavgm__noise-0.01__seed-44 114s
PASS main__homogeneous__vanilla__fedmedian__noise-0.01__seed-44 114s
PASS main__homogeneous__vanilla__fedprox__noise-0.01__seed-44 146s
PASS main__homogeneous__vanilla__fedopt__noise-0.01__seed-44 149s
PASS main__homogeneous__vanilla__fedyogi__noise-0.01__seed-44 115s
PASS main__homogeneous__global-dp__fedavg__noise-0.01__seed-44 111s
PASS main__homogeneous__global-dp__fedavgm__noise-0.01__seed-44 175s
PASS main__homogeneous__global-dp__fedmedian__noise-0.01__seed-44 200s
PASS main__homogeneous__global-dp__fedprox__noise-0.01__seed-44 179s
PASS main__homogeneous__global-dp__fedopt__noise-0.01__seed-44 138s
PASS main__homogeneous__global-dp__fedyogi__noise-0.01__seed-44 119s
PASS main__homogeneous__metric-privacy__fedavg__noise-0.01__seed-44 112s
PASS main__homogeneous__metric-privacy__fedavgm__noise-0.01__seed-44 116s
PASS main__homogeneous__metric-privacy__fedmedian__noise-0.01__seed-44 118s
FAIL main__homogeneous__metric-privacy__fedopt__noise-0.01__seed-44 training rc=1
PASS main__homogeneous__metric-privacy__fedprox__noise-0.01__seed-44 122s
PASS main__homogeneous__metric-privacy__fedyogi__noise-0.01__seed-44 117s
PASS main__homogeneous__vanilla__fedavg__noise-0.01__seed-45 107s
PASS main__homogeneous__vanilla__fedavgm__noise-0.01__seed-45 114s
PASS main__homogeneous__vanilla__fedmedian__noise-0.01__seed-45 116s
PASS main__homogeneous__vanilla__fedprox__noise-0.01__seed-45 164s
PASS main__homogeneous__vanilla__fedopt__noise-0.01__seed-45 155s
PASS main__homogeneous__global-dp__fedavg__noise-0.01__seed-45 113s
PASS main__homogeneous__vanilla__fedyogi__noise-0.01__seed-45 115s
PASS main__homogeneous__global-dp__fedavgm__noise-0.01__seed-45 167s
PASS main__homogeneous__global-dp__fedmedian__noise-0.01__seed-45 168s
PASS main__homogeneous__global-dp__fedprox__noise-0.01__seed-45 123s
PASS main__homogeneous__global-dp__fedopt__noise-0.01__seed-45 125s
PASS main__homogeneous__metric-privacy__fedavg__noise-0.01__seed-45 116s
PASS main__homogeneous__global-dp__fedyogi__noise-0.01__seed-45 122s
PASS main__homogeneous__metric-privacy__fedavgm__noise-0.01__seed-45 121s
PASS main__homogeneous__metric-privacy__fedmedian__noise-0.01__seed-45 126s
FAIL main__homogeneous__metric-privacy__fedopt__noise-0.01__seed-45 training rc=1
PASS main__homogeneous__metric-privacy__fedprox__noise-0.01__seed-45 118s
PASS main__homogeneous__vanilla__fedavg__noise-0.01__seed-46 133s
PASS main__homogeneous__metric-privacy__fedyogi__noise-0.01__seed-45 145s
PASS main__homogeneous__vanilla__fedavgm__noise-0.01__seed-46 111s
PASS main__homogeneous__vanilla__fedmedian__noise-0.01__seed-46 113s
PASS main__homogeneous__vanilla__fedprox__noise-0.01__seed-46 158s
PASS main__homogeneous__vanilla__fedopt__noise-0.01__seed-46 158s
PASS main__homogeneous__vanilla__fedyogi__noise-0.01__seed-46 108s
PASS main__homogeneous__global-dp__fedavg__noise-0.01__seed-46 107s
PASS main__homogeneous__global-dp__fedavgm__noise-0.01__seed-46 121s
PASS main__homogeneous__global-dp__fedmedian__noise-0.01__seed-46 119s
PASS main__homogeneous__global-dp__fedopt__noise-0.01__seed-46 131s
PASS main__homogeneous__global-dp__fedprox__noise-0.01__seed-46 136s
PASS main__homogeneous__metric-privacy__fedavg__noise-0.01__seed-46 114s
PASS main__homogeneous__global-dp__fedyogi__noise-0.01__seed-46 121s
PASS main__homogeneous__metric-privacy__fedavgm__noise-0.01__seed-46 139s
PASS main__homogeneous__metric-privacy__fedmedian__noise-0.01__seed-46 154s
FAIL main__homogeneous__metric-privacy__fedopt__noise-0.01__seed-46 training rc=1
PASS main__homogeneous__metric-privacy__fedprox__noise-0.01__seed-46 123s
PASS main__homogeneous__metric-privacy__fedyogi__noise-0.01__seed-46 117s
PASS main__non-iid__vanilla__fedavg__noise-0.01__seed-42 119s
PASS main__non-iid__vanilla__fedavgm__noise-0.01__seed-42 119s
PASS main__non-iid__vanilla__fedmedian__noise-0.01__seed-42 122s
PASS main__non-iid__vanilla__fedprox__noise-0.01__seed-42 123s
PASS main__non-iid__vanilla__fedopt__noise-0.01__seed-42 124s
PASS main__non-iid__vanilla__fedyogi__noise-0.01__seed-42 149s
PASS main__non-iid__global-dp__fedavg__noise-0.01__seed-42 151s
PASS main__non-iid__global-dp__fedavgm__noise-0.01__seed-42 128s
PASS main__non-iid__global-dp__fedmedian__noise-0.01__seed-42 126s
PASS main__non-iid__global-dp__fedprox__noise-0.01__seed-42 135s
PASS main__non-iid__global-dp__fedopt__noise-0.01__seed-42 140s
PASS main__non-iid__global-dp__fedyogi__noise-0.01__seed-42 132s
PASS main__non-iid__metric-privacy__fedavg__noise-0.01__seed-42 122s
PASS main__non-iid__metric-privacy__fedavgm__noise-0.01__seed-42 128s
PASS main__non-iid__metric-privacy__fedmedian__noise-0.01__seed-42 131s
FAIL main__non-iid__metric-privacy__fedopt__noise-0.01__seed-42 training rc=1
PASS main__non-iid__metric-privacy__fedprox__noise-0.01__seed-42 133s
PASS main__non-iid__metric-privacy__fedyogi__noise-0.01__seed-42 132s
PASS appendix-b__homogeneous__global-dp__fedavg__noise-0.003__seed-42 109s
PASS appendix-b__homogeneous__global-dp__fedavgm__noise-0.003__seed-42 129s
PASS appendix-b__homogeneous__global-dp__fedmedian__noise-0.003__seed-42 129s
PASS appendix-b__homogeneous__global-dp__fedprox__noise-0.003__seed-42 120s
PASS appendix-b__homogeneous__global-dp__fedopt__noise-0.003__seed-42 126s
PASS appendix-b__homogeneous__global-dp__fedyogi__noise-0.003__seed-42 122s
PASS appendix-b__homogeneous__metric-privacy__fedavg__noise-0.003__seed-42 113s
PASS appendix-b__homogeneous__metric-privacy__fedavgm__noise-0.003__seed-42 122s
PASS appendix-b__homogeneous__metric-privacy__fedmedian__noise-0.003__seed-42 123s
FAIL appendix-b__homogeneous__metric-privacy__fedopt__noise-0.003__seed-42 training rc=1
PASS appendix-b__homogeneous__metric-privacy__fedprox__noise-0.003__seed-42 122s
PASS appendix-b__homogeneous__metric-privacy__fedyogi__noise-0.003__seed-42 141s
PASS appendix-b__homogeneous__global-dp__fedavg__noise-0.05__seed-42 136s
PASS appendix-b__homogeneous__global-dp__fedavg__noise-0.1__seed-42 105s
PASS_1_END=2026-07-22T18:38:03Z
PASS_2_START=2026-07-22T18:38:03Z
PASS main__homogeneous__vanilla__fedavg__noise-0.01__seed-42 existing
PASS main__homogeneous__vanilla__fedavgm__noise-0.01__seed-42 existing
PASS main__homogeneous__vanilla__fedmedian__noise-0.01__seed-42 existing
PASS main__homogeneous__vanilla__fedprox__noise-0.01__seed-42 existing
PASS main__homogeneous__vanilla__fedopt__noise-0.01__seed-42 existing
PASS main__homogeneous__vanilla__fedyogi__noise-0.01__seed-42 existing
PASS main__homogeneous__global-dp__fedavg__noise-0.01__seed-42 existing
PASS main__homogeneous__global-dp__fedavgm__noise-0.01__seed-42 existing
PASS main__homogeneous__global-dp__fedmedian__noise-0.01__seed-42 existing
PASS main__homogeneous__global-dp__fedprox__noise-0.01__seed-42 existing
PASS main__homogeneous__global-dp__fedopt__noise-0.01__seed-42 existing
PASS main__homogeneous__global-dp__fedyogi__noise-0.01__seed-42 existing
PASS main__homogeneous__metric-privacy__fedavg__noise-0.01__seed-42 existing
PASS main__homogeneous__metric-privacy__fedavgm__noise-0.01__seed-42 existing
PASS main__homogeneous__metric-privacy__fedprox__noise-0.01__seed-42 existing
PASS main__homogeneous__metric-privacy__fedmedian__noise-0.01__seed-42 existing
PASS main__homogeneous__metric-privacy__fedyogi__noise-0.01__seed-42 existing
PASS main__homogeneous__vanilla__fedavg__noise-0.01__seed-43 existing
PASS main__homogeneous__vanilla__fedavgm__noise-0.01__seed-43 existing
PASS main__homogeneous__vanilla__fedmedian__noise-0.01__seed-43 existing
PASS main__homogeneous__vanilla__fedprox__noise-0.01__seed-43 existing
PASS main__homogeneous__vanilla__fedopt__noise-0.01__seed-43 existing
PASS main__homogeneous__vanilla__fedyogi__noise-0.01__seed-43 existing
PASS main__homogeneous__global-dp__fedavg__noise-0.01__seed-43 existing
PASS main__homogeneous__global-dp__fedavgm__noise-0.01__seed-43 existing
PASS main__homogeneous__global-dp__fedmedian__noise-0.01__seed-43 existing
PASS main__homogeneous__global-dp__fedprox__noise-0.01__seed-43 existing
PASS main__homogeneous__global-dp__fedopt__noise-0.01__seed-43 existing
PASS main__homogeneous__global-dp__fedyogi__noise-0.01__seed-43 existing
PASS main__homogeneous__metric-privacy__fedavg__noise-0.01__seed-43 existing
PASS main__homogeneous__metric-privacy__fedavgm__noise-0.01__seed-43 existing
PASS main__homogeneous__metric-privacy__fedmedian__noise-0.01__seed-43 existing
PASS main__homogeneous__metric-privacy__fedprox__noise-0.01__seed-43 existing
FAIL main__homogeneous__metric-privacy__fedopt__noise-0.01__seed-43 training rc=1
PASS main__homogeneous__metric-privacy__fedyogi__noise-0.01__seed-43 existing
PASS main__homogeneous__vanilla__fedavg__noise-0.01__seed-44 existing
PASS main__homogeneous__vanilla__fedavgm__noise-0.01__seed-44 existing
PASS main__homogeneous__vanilla__fedmedian__noise-0.01__seed-44 existing
PASS main__homogeneous__vanilla__fedprox__noise-0.01__seed-44 existing
PASS main__homogeneous__vanilla__fedopt__noise-0.01__seed-44 existing
PASS main__homogeneous__vanilla__fedyogi__noise-0.01__seed-44 existing
PASS main__homogeneous__global-dp__fedavg__noise-0.01__seed-44 existing
PASS main__homogeneous__global-dp__fedavgm__noise-0.01__seed-44 existing
PASS main__homogeneous__global-dp__fedmedian__noise-0.01__seed-44 existing
PASS main__homogeneous__global-dp__fedprox__noise-0.01__seed-44 existing
PASS main__homogeneous__global-dp__fedopt__noise-0.01__seed-44 existing
PASS main__homogeneous__global-dp__fedyogi__noise-0.01__seed-44 existing
PASS main__homogeneous__metric-privacy__fedavg__noise-0.01__seed-44 existing
PASS main__homogeneous__metric-privacy__fedavgm__noise-0.01__seed-44 existing
PASS main__homogeneous__metric-privacy__fedmedian__noise-0.01__seed-44 existing
PASS main__homogeneous__metric-privacy__fedprox__noise-0.01__seed-44 existing
FAIL main__homogeneous__metric-privacy__fedopt__noise-0.01__seed-42 training rc=1
PASS main__homogeneous__metric-privacy__fedyogi__noise-0.01__seed-44 existing
PASS main__homogeneous__vanilla__fedavg__noise-0.01__seed-45 existing
PASS main__homogeneous__vanilla__fedavgm__noise-0.01__seed-45 existing
PASS main__homogeneous__vanilla__fedmedian__noise-0.01__seed-45 existing
PASS main__homogeneous__vanilla__fedprox__noise-0.01__seed-45 existing
PASS main__homogeneous__vanilla__fedopt__noise-0.01__seed-45 existing
PASS main__homogeneous__vanilla__fedyogi__noise-0.01__seed-45 existing
PASS main__homogeneous__global-dp__fedavg__noise-0.01__seed-45 existing
PASS main__homogeneous__global-dp__fedavgm__noise-0.01__seed-45 existing
PASS main__homogeneous__global-dp__fedmedian__noise-0.01__seed-45 existing
PASS main__homogeneous__global-dp__fedprox__noise-0.01__seed-45 existing
PASS main__homogeneous__global-dp__fedopt__noise-0.01__seed-45 existing
PASS main__homogeneous__global-dp__fedyogi__noise-0.01__seed-45 existing
PASS main__homogeneous__metric-privacy__fedavg__noise-0.01__seed-45 existing
PASS main__homogeneous__metric-privacy__fedavgm__noise-0.01__seed-45 existing
PASS main__homogeneous__metric-privacy__fedmedian__noise-0.01__seed-45 existing
PASS main__homogeneous__metric-privacy__fedprox__noise-0.01__seed-45 existing
FAIL main__homogeneous__metric-privacy__fedopt__noise-0.01__seed-44 training rc=1
PASS main__homogeneous__metric-privacy__fedyogi__noise-0.01__seed-45 existing
PASS main__homogeneous__vanilla__fedavg__noise-0.01__seed-46 existing
PASS main__homogeneous__vanilla__fedavgm__noise-0.01__seed-46 existing
PASS main__homogeneous__vanilla__fedmedian__noise-0.01__seed-46 existing
PASS main__homogeneous__vanilla__fedprox__noise-0.01__seed-46 existing
PASS main__homogeneous__vanilla__fedopt__noise-0.01__seed-46 existing
PASS main__homogeneous__vanilla__fedyogi__noise-0.01__seed-46 existing
PASS main__homogeneous__global-dp__fedavg__noise-0.01__seed-46 existing
PASS main__homogeneous__global-dp__fedavgm__noise-0.01__seed-46 existing
PASS main__homogeneous__global-dp__fedmedian__noise-0.01__seed-46 existing
PASS main__homogeneous__global-dp__fedprox__noise-0.01__seed-46 existing
PASS main__homogeneous__global-dp__fedopt__noise-0.01__seed-46 existing
PASS main__homogeneous__global-dp__fedyogi__noise-0.01__seed-46 existing
PASS main__homogeneous__metric-privacy__fedavg__noise-0.01__seed-46 existing
PASS main__homogeneous__metric-privacy__fedavgm__noise-0.01__seed-46 existing
PASS main__homogeneous__metric-privacy__fedmedian__noise-0.01__seed-46 existing
PASS main__homogeneous__metric-privacy__fedprox__noise-0.01__seed-46 existing
FAIL main__homogeneous__metric-privacy__fedopt__noise-0.01__seed-45 training rc=1
PASS main__homogeneous__metric-privacy__fedyogi__noise-0.01__seed-46 existing
PASS main__non-iid__vanilla__fedavg__noise-0.01__seed-42 existing
PASS main__non-iid__vanilla__fedavgm__noise-0.01__seed-42 existing
PASS main__non-iid__vanilla__fedmedian__noise-0.01__seed-42 existing
PASS main__non-iid__vanilla__fedprox__noise-0.01__seed-42 existing
PASS main__non-iid__vanilla__fedopt__noise-0.01__seed-42 existing
PASS main__non-iid__vanilla__fedyogi__noise-0.01__seed-42 existing
PASS main__non-iid__global-dp__fedavg__noise-0.01__seed-42 existing
PASS main__non-iid__global-dp__fedavgm__noise-0.01__seed-42 existing
PASS main__non-iid__global-dp__fedmedian__noise-0.01__seed-42 existing
PASS main__non-iid__global-dp__fedprox__noise-0.01__seed-42 existing
PASS main__non-iid__global-dp__fedopt__noise-0.01__seed-42 existing
PASS main__non-iid__global-dp__fedyogi__noise-0.01__seed-42 existing
PASS main__non-iid__metric-privacy__fedavg__noise-0.01__seed-42 existing
PASS main__non-iid__metric-privacy__fedavgm__noise-0.01__seed-42 existing
PASS main__non-iid__metric-privacy__fedmedian__noise-0.01__seed-42 existing
PASS main__non-iid__metric-privacy__fedprox__noise-0.01__seed-42 existing
FAIL main__homogeneous__metric-privacy__fedopt__noise-0.01__seed-46 training rc=1
PASS main__non-iid__metric-privacy__fedyogi__noise-0.01__seed-42 existing
PASS appendix-b__homogeneous__global-dp__fedavg__noise-0.003__seed-42 existing
PASS appendix-b__homogeneous__global-dp__fedavgm__noise-0.003__seed-42 existing
PASS appendix-b__homogeneous__global-dp__fedmedian__noise-0.003__seed-42 existing
PASS appendix-b__homogeneous__global-dp__fedprox__noise-0.003__seed-42 existing
PASS appendix-b__homogeneous__global-dp__fedopt__noise-0.003__seed-42 existing
PASS appendix-b__homogeneous__global-dp__fedyogi__noise-0.003__seed-42 existing
PASS appendix-b__homogeneous__metric-privacy__fedavg__noise-0.003__seed-42 existing
PASS appendix-b__homogeneous__metric-privacy__fedavgm__noise-0.003__seed-42 existing
PASS appendix-b__homogeneous__metric-privacy__fedmedian__noise-0.003__seed-42 existing
PASS appendix-b__homogeneous__metric-privacy__fedprox__noise-0.003__seed-42 existing
FAIL appendix-b__homogeneous__metric-privacy__fedopt__noise-0.003__seed-42 training rc=1
PASS appendix-b__homogeneous__metric-privacy__fedyogi__noise-0.003__seed-42 existing
PASS appendix-b__homogeneous__global-dp__fedavg__noise-0.05__seed-42 existing
PASS appendix-b__homogeneous__global-dp__fedavg__noise-0.1__seed-42 existing
PASS main__non-iid__metric-privacy__fedopt__noise-0.01__seed-42 150s
PASS_2_END=2026-07-22T18:44:15Z
PASS_3_START=2026-07-22T18:44:15Z
PASS main__homogeneous__vanilla__fedavg__noise-0.01__seed-42 existing
PASS main__homogeneous__vanilla__fedavgm__noise-0.01__seed-42 existing
PASS main__homogeneous__vanilla__fedmedian__noise-0.01__seed-42 existing
PASS main__homogeneous__vanilla__fedprox__noise-0.01__seed-42 existing
PASS main__homogeneous__vanilla__fedopt__noise-0.01__seed-42 existing
PASS main__homogeneous__vanilla__fedyogi__noise-0.01__seed-42 existing
PASS main__homogeneous__global-dp__fedavg__noise-0.01__seed-42 existing
PASS main__homogeneous__global-dp__fedavgm__noise-0.01__seed-42 existing
PASS main__homogeneous__global-dp__fedmedian__noise-0.01__seed-42 existing
PASS main__homogeneous__global-dp__fedprox__noise-0.01__seed-42 existing
PASS main__homogeneous__global-dp__fedopt__noise-0.01__seed-42 existing
PASS main__homogeneous__global-dp__fedyogi__noise-0.01__seed-42 existing
PASS main__homogeneous__metric-privacy__fedavgm__noise-0.01__seed-42 existing
PASS main__homogeneous__metric-privacy__fedavg__noise-0.01__seed-42 existing
PASS main__homogeneous__metric-privacy__fedmedian__noise-0.01__seed-42 existing
PASS main__homogeneous__metric-privacy__fedprox__noise-0.01__seed-42 existing
PASS main__homogeneous__metric-privacy__fedyogi__noise-0.01__seed-42 existing
PASS main__homogeneous__vanilla__fedavg__noise-0.01__seed-43 existing
PASS main__homogeneous__vanilla__fedavgm__noise-0.01__seed-43 existing
PASS main__homogeneous__vanilla__fedmedian__noise-0.01__seed-43 existing
PASS main__homogeneous__vanilla__fedprox__noise-0.01__seed-43 existing
PASS main__homogeneous__vanilla__fedopt__noise-0.01__seed-43 existing
PASS main__homogeneous__vanilla__fedyogi__noise-0.01__seed-43 existing
PASS main__homogeneous__global-dp__fedavg__noise-0.01__seed-43 existing
PASS main__homogeneous__global-dp__fedavgm__noise-0.01__seed-43 existing
PASS main__homogeneous__global-dp__fedmedian__noise-0.01__seed-43 existing
PASS main__homogeneous__global-dp__fedprox__noise-0.01__seed-43 existing
PASS main__homogeneous__global-dp__fedopt__noise-0.01__seed-43 existing
PASS main__homogeneous__global-dp__fedyogi__noise-0.01__seed-43 existing
PASS main__homogeneous__metric-privacy__fedavg__noise-0.01__seed-43 existing
PASS main__homogeneous__metric-privacy__fedavgm__noise-0.01__seed-43 existing
PASS main__homogeneous__metric-privacy__fedmedian__noise-0.01__seed-43 existing
PASS main__homogeneous__metric-privacy__fedprox__noise-0.01__seed-43 existing
FAIL main__homogeneous__metric-privacy__fedopt__noise-0.01__seed-43 training rc=1
PASS main__homogeneous__metric-privacy__fedyogi__noise-0.01__seed-43 existing
PASS main__homogeneous__vanilla__fedavg__noise-0.01__seed-44 existing
PASS main__homogeneous__vanilla__fedavgm__noise-0.01__seed-44 existing
PASS main__homogeneous__vanilla__fedmedian__noise-0.01__seed-44 existing
PASS main__homogeneous__vanilla__fedprox__noise-0.01__seed-44 existing
PASS main__homogeneous__vanilla__fedopt__noise-0.01__seed-44 existing
PASS main__homogeneous__vanilla__fedyogi__noise-0.01__seed-44 existing
PASS main__homogeneous__global-dp__fedavg__noise-0.01__seed-44 existing
PASS main__homogeneous__global-dp__fedavgm__noise-0.01__seed-44 existing
PASS main__homogeneous__global-dp__fedmedian__noise-0.01__seed-44 existing
PASS main__homogeneous__global-dp__fedprox__noise-0.01__seed-44 existing
PASS main__homogeneous__global-dp__fedopt__noise-0.01__seed-44 existing
PASS main__homogeneous__global-dp__fedyogi__noise-0.01__seed-44 existing
PASS main__homogeneous__metric-privacy__fedavg__noise-0.01__seed-44 existing
PASS main__homogeneous__metric-privacy__fedavgm__noise-0.01__seed-44 existing
PASS main__homogeneous__metric-privacy__fedmedian__noise-0.01__seed-44 existing
PASS main__homogeneous__metric-privacy__fedprox__noise-0.01__seed-44 existing
FAIL main__homogeneous__metric-privacy__fedopt__noise-0.01__seed-42 training rc=1
PASS main__homogeneous__metric-privacy__fedyogi__noise-0.01__seed-44 existing
PASS main__homogeneous__vanilla__fedavg__noise-0.01__seed-45 existing
PASS main__homogeneous__vanilla__fedavgm__noise-0.01__seed-45 existing
PASS main__homogeneous__vanilla__fedmedian__noise-0.01__seed-45 existing
PASS main__homogeneous__vanilla__fedprox__noise-0.01__seed-45 existing
PASS main__homogeneous__vanilla__fedopt__noise-0.01__seed-45 existing
PASS main__homogeneous__vanilla__fedyogi__noise-0.01__seed-45 existing
PASS main__homogeneous__global-dp__fedavg__noise-0.01__seed-45 existing
PASS main__homogeneous__global-dp__fedavgm__noise-0.01__seed-45 existing
PASS main__homogeneous__global-dp__fedmedian__noise-0.01__seed-45 existing
PASS main__homogeneous__global-dp__fedprox__noise-0.01__seed-45 existing
PASS main__homogeneous__global-dp__fedopt__noise-0.01__seed-45 existing
PASS main__homogeneous__global-dp__fedyogi__noise-0.01__seed-45 existing
PASS main__homogeneous__metric-privacy__fedavg__noise-0.01__seed-45 existing
PASS main__homogeneous__metric-privacy__fedavgm__noise-0.01__seed-45 existing
PASS main__homogeneous__metric-privacy__fedmedian__noise-0.01__seed-45 existing
PASS main__homogeneous__metric-privacy__fedprox__noise-0.01__seed-45 existing
FAIL main__homogeneous__metric-privacy__fedopt__noise-0.01__seed-44 training rc=1
PASS main__homogeneous__metric-privacy__fedyogi__noise-0.01__seed-45 existing
PASS main__homogeneous__vanilla__fedavg__noise-0.01__seed-46 existing
PASS main__homogeneous__vanilla__fedavgm__noise-0.01__seed-46 existing
PASS main__homogeneous__vanilla__fedmedian__noise-0.01__seed-46 existing
PASS main__homogeneous__vanilla__fedprox__noise-0.01__seed-46 existing
PASS main__homogeneous__vanilla__fedopt__noise-0.01__seed-46 existing
PASS main__homogeneous__vanilla__fedyogi__noise-0.01__seed-46 existing
PASS main__homogeneous__global-dp__fedavg__noise-0.01__seed-46 existing
PASS main__homogeneous__global-dp__fedavgm__noise-0.01__seed-46 existing
PASS main__homogeneous__global-dp__fedmedian__noise-0.01__seed-46 existing
PASS main__homogeneous__global-dp__fedprox__noise-0.01__seed-46 existing
PASS main__homogeneous__global-dp__fedopt__noise-0.01__seed-46 existing
PASS main__homogeneous__global-dp__fedyogi__noise-0.01__seed-46 existing
PASS main__homogeneous__metric-privacy__fedavg__noise-0.01__seed-46 existing
PASS main__homogeneous__metric-privacy__fedavgm__noise-0.01__seed-46 existing
PASS main__homogeneous__metric-privacy__fedmedian__noise-0.01__seed-46 existing
PASS main__homogeneous__metric-privacy__fedprox__noise-0.01__seed-46 existing
FAIL main__homogeneous__metric-privacy__fedopt__noise-0.01__seed-45 training rc=1
PASS main__homogeneous__metric-privacy__fedyogi__noise-0.01__seed-46 existing
PASS main__non-iid__vanilla__fedavg__noise-0.01__seed-42 existing
PASS main__non-iid__vanilla__fedavgm__noise-0.01__seed-42 existing
PASS main__non-iid__vanilla__fedmedian__noise-0.01__seed-42 existing
PASS main__non-iid__vanilla__fedprox__noise-0.01__seed-42 existing
PASS main__non-iid__vanilla__fedopt__noise-0.01__seed-42 existing
PASS main__non-iid__vanilla__fedyogi__noise-0.01__seed-42 existing
PASS main__non-iid__global-dp__fedavg__noise-0.01__seed-42 existing
PASS main__non-iid__global-dp__fedavgm__noise-0.01__seed-42 existing
PASS main__non-iid__global-dp__fedmedian__noise-0.01__seed-42 existing
PASS main__non-iid__global-dp__fedprox__noise-0.01__seed-42 existing
PASS main__non-iid__global-dp__fedopt__noise-0.01__seed-42 existing
PASS main__non-iid__global-dp__fedyogi__noise-0.01__seed-42 existing
PASS main__non-iid__metric-privacy__fedavg__noise-0.01__seed-42 existing
PASS main__non-iid__metric-privacy__fedavgm__noise-0.01__seed-42 existing
PASS main__non-iid__metric-privacy__fedmedian__noise-0.01__seed-42 existing
PASS main__non-iid__metric-privacy__fedprox__noise-0.01__seed-42 existing
PASS main__non-iid__metric-privacy__fedopt__noise-0.01__seed-42 existing
PASS main__non-iid__metric-privacy__fedyogi__noise-0.01__seed-42 existing
PASS appendix-b__homogeneous__global-dp__fedavg__noise-0.003__seed-42 existing
PASS appendix-b__homogeneous__global-dp__fedavgm__noise-0.003__seed-42 existing
PASS appendix-b__homogeneous__global-dp__fedmedian__noise-0.003__seed-42 existing
PASS appendix-b__homogeneous__global-dp__fedprox__noise-0.003__seed-42 existing
PASS appendix-b__homogeneous__global-dp__fedopt__noise-0.003__seed-42 existing
PASS appendix-b__homogeneous__global-dp__fedyogi__noise-0.003__seed-42 existing
PASS appendix-b__homogeneous__metric-privacy__fedavg__noise-0.003__seed-42 existing
PASS appendix-b__homogeneous__metric-privacy__fedavgm__noise-0.003__seed-42 existing
PASS appendix-b__homogeneous__metric-privacy__fedmedian__noise-0.003__seed-42 existing
PASS appendix-b__homogeneous__metric-privacy__fedprox__noise-0.003__seed-42 existing
FAIL main__homogeneous__metric-privacy__fedopt__noise-0.01__seed-46 training rc=1
PASS appendix-b__homogeneous__metric-privacy__fedyogi__noise-0.003__seed-42 existing
PASS appendix-b__homogeneous__global-dp__fedavg__noise-0.05__seed-42 existing
PASS appendix-b__homogeneous__global-dp__fedavg__noise-0.1__seed-42 existing
FAIL appendix-b__homogeneous__metric-privacy__fedopt__noise-0.003__seed-42 training rc=1
PASS_3_END=2026-07-22T18:48:14Z
{"expected": 122, "complete": 116, "missing": 6}
END_UTC=2026-07-22T18:48:15Z SUMMARY_RC=1
__H100_MATRIX_DONE__
