PASS main__homogeneous__vanilla__fedavg__noise-0.01__seed-42 existing
PASS main__homogeneous__vanilla__fedavgm__noise-0.01__seed-42 existing
PASS main__homogeneous__vanilla__fedmedian__noise-0.01__seed-42 existing
PASS main__homogeneous__vanilla__fedprox__noise-0.01__seed-42 existing
PASS main__homogeneous__vanilla__fedopt__noise-0.01__seed-42 existing
PASS main__homogeneous__vanilla__fedyogi__noise-0.01__seed-42 existing
PASS main__homogeneous__global-dp__fedavg__noise-0.01__seed-42 existing
PASS main__homogeneous__global-dp__fedavgm__noise-0.01__seed-42 existing
PASS main__homogeneous__global-dp__fedmedian__noise-0.01__seed-42 existing
PASS main__homogeneous__global-dp__fedprox__noise-0.01__seed-42 existing
PASS main__homogeneous__global-dp__fedopt__noise-0.01__seed-42 existing
PASS main__homogeneous__global-dp__fedyogi__noise-0.01__seed-42 existing
PASS main__homogeneous__metric-privacy__fedavg__noise-0.01__seed-42 existing
PASS main__homogeneous__metric-privacy__fedavgm__noise-0.01__seed-42 existing
PASS main__homogeneous__metric-privacy__fedprox__noise-0.01__seed-42 existing
PASS main__homogeneous__metric-privacy__fedmedian__noise-0.01__seed-42 existing
PASS main__homogeneous__metric-privacy__fedyogi__noise-0.01__seed-42 existing
PASS main__homogeneous__vanilla__fedavg__noise-0.01__seed-43 existing
PASS main__homogeneous__vanilla__fedavgm__noise-0.01__seed-43 existing
PASS main__homogeneous__vanilla__fedmedian__noise-0.01__seed-43 existing
PASS main__homogeneous__vanilla__fedprox__noise-0.01__seed-43 existing
PASS main__homogeneous__vanilla__fedopt__noise-0.01__seed-43 existing
PASS main__homogeneous__vanilla__fedyogi__noise-0.01__seed-43 existing
PASS main__homogeneous__global-dp__fedavg__noise-0.01__seed-43 existing
PASS main__homogeneous__global-dp__fedavgm__noise-0.01__seed-43 existing
PASS main__homogeneous__global-dp__fedmedian__noise-0.01__seed-43 existing
PASS main__homogeneous__global-dp__fedprox__noise-0.01__seed-43 existing
PASS main__homogeneous__global-dp__fedopt__noise-0.01__seed-43 existing
PASS main__homogeneous__global-dp__fedyogi__noise-0.01__seed-43 existing
PASS main__homogeneous__metric-privacy__fedavg__noise-0.01__seed-43 existing
PASS main__homogeneous__metric-privacy__fedavgm__noise-0.01__seed-43 existing
PASS main__homogeneous__metric-privacy__fedmedian__noise-0.01__seed-43 existing
PASS main__homogeneous__metric-privacy__fedprox__noise-0.01__seed-43 existing
FAIL main__homogeneous__metric-privacy__fedopt__noise-0.01__seed-43 training rc=1
PASS main__homogeneous__metric-privacy__fedyogi__noise-0.01__seed-43 existing
PASS main__homogeneous__vanilla__fedavg__noise-0.01__seed-44 existing
PASS main__homogeneous__vanilla__fedavgm__noise-0.01__seed-44 existing
PASS main__homogeneous__vanilla__fedmedian__noise-0.01__seed-44 existing
PASS main__homogeneous__vanilla__fedprox__noise-0.01__seed-44 existing
PASS main__homogeneous__vanilla__fedopt__noise-0.01__seed-44 existing
PASS main__homogeneous__vanilla__fedyogi__noise-0.01__seed-44 existing
PASS main__homogeneous__global-dp__fedavg__noise-0.01__seed-44 existing
PASS main__homogeneous__global-dp__fedavgm__noise-0.01__seed-44 existing
PASS main__homogeneous__global-dp__fedmedian__noise-0.01__seed-44 existing
PASS main__homogeneous__global-dp__fedprox__noise-0.01__seed-44 existing
PASS main__homogeneous__global-dp__fedopt__noise-0.01__seed-44 existing
PASS main__homogeneous__global-dp__fedyogi__noise-0.01__seed-44 existing
PASS main__homogeneous__metric-privacy__fedavg__noise-0.01__seed-44 existing
PASS main__homogeneous__metric-privacy__fedavgm__noise-0.01__seed-44 existing
PASS main__homogeneous__metric-privacy__fedmedian__noise-0.01__seed-44 existing
PASS main__homogeneous__metric-privacy__fedprox__noise-0.01__seed-44 existing
FAIL main__homogeneous__metric-privacy__fedopt__noise-0.01__seed-42 training rc=1
PASS main__homogeneous__metric-privacy__fedyogi__noise-0.01__seed-44 existing
PASS main__homogeneous__vanilla__fedavg__noise-0.01__seed-45 existing
PASS main__homogeneous__vanilla__fedavgm__noise-0.01__seed-45 existing
PASS main__homogeneous__vanilla__fedmedian__noise-0.01__seed-45 existing
PASS main__homogeneous__vanilla__fedprox__noise-0.01__seed-45 existing
PASS main__homogeneous__vanilla__fedopt__noise-0.01__seed-45 existing
PASS main__homogeneous__vanilla__fedyogi__noise-0.01__seed-45 existing
PASS main__homogeneous__global-dp__fedavg__noise-0.01__seed-45 existing
PASS main__homogeneous__global-dp__fedavgm__noise-0.01__seed-45 existing
PASS main__homogeneous__global-dp__fedmedian__noise-0.01__seed-45 existing
PASS main__homogeneous__global-dp__fedprox__noise-0.01__seed-45 existing
PASS main__homogeneous__global-dp__fedopt__noise-0.01__seed-45 existing
PASS main__homogeneous__global-dp__fedyogi__noise-0.01__seed-45 existing
PASS main__homogeneous__metric-privacy__fedavg__noise-0.01__seed-45 existing
PASS main__homogeneous__metric-privacy__fedavgm__noise-0.01__seed-45 existing
PASS main__homogeneous__metric-privacy__fedmedian__noise-0.01__seed-45 existing
PASS main__homogeneous__metric-privacy__fedprox__noise-0.01__seed-45 existing
FAIL main__homogeneous__metric-privacy__fedopt__noise-0.01__seed-44 training rc=1
PASS main__homogeneous__metric-privacy__fedyogi__noise-0.01__seed-45 existing
PASS main__homogeneous__vanilla__fedavg__noise-0.01__seed-46 existing
PASS main__homogeneous__vanilla__fedavgm__noise-0.01__seed-46 existing
PASS main__homogeneous__vanilla__fedmedian__noise-0.01__seed-46 existing
PASS main__homogeneous__vanilla__fedprox__noise-0.01__seed-46 existing
PASS main__homogeneous__vanilla__fedopt__noise-0.01__seed-46 existing
PASS main__homogeneous__vanilla__fedyogi__noise-0.01__seed-46 existing
PASS main__homogeneous__global-dp__fedavg__noise-0.01__seed-46 existing
PASS main__homogeneous__global-dp__fedavgm__noise-0.01__seed-46 existing
PASS main__homogeneous__global-dp__fedmedian__noise-0.01__seed-46 existing
PASS main__homogeneous__global-dp__fedprox__noise-0.01__seed-46 existing
PASS main__homogeneous__global-dp__fedopt__noise-0.01__seed-46 existing
PASS main__homogeneous__global-dp__fedyogi__noise-0.01__seed-46 existing
PASS main__homogeneous__metric-privacy__fedavg__noise-0.01__seed-46 existing
PASS main__homogeneous__metric-privacy__fedavgm__noise-0.01__seed-46 existing
PASS main__homogeneous__metric-privacy__fedmedian__noise-0.01__seed-46 existing
PASS main__homogeneous__metric-privacy__fedprox__noise-0.01__seed-46 existing
FAIL main__homogeneous__metric-privacy__fedopt__noise-0.01__seed-45 training rc=1
PASS main__homogeneous__metric-privacy__fedyogi__noise-0.01__seed-46 existing
PASS main__non-iid__vanilla__fedavg__noise-0.01__seed-42 existing
PASS main__non-iid__vanilla__fedavgm__noise-0.01__seed-42 existing
PASS main__non-iid__vanilla__fedmedian__noise-0.01__seed-42 existing
PASS main__non-iid__vanilla__fedprox__noise-0.01__seed-42 existing
PASS main__non-iid__vanilla__fedopt__noise-0.01__seed-42 existing
PASS main__non-iid__vanilla__fedyogi__noise-0.01__seed-42 existing
PASS main__non-iid__global-dp__fedavg__noise-0.01__seed-42 existing
PASS main__non-iid__global-dp__fedavgm__noise-0.01__seed-42 existing
PASS main__non-iid__global-dp__fedmedian__noise-0.01__seed-42 existing
PASS main__non-iid__global-dp__fedprox__noise-0.01__seed-42 existing
PASS main__non-iid__global-dp__fedopt__noise-0.01__seed-42 existing
PASS main__non-iid__global-dp__fedyogi__noise-0.01__seed-42 existing
PASS main__non-iid__metric-privacy__fedavg__noise-0.01__seed-42 existing
PASS main__non-iid__metric-privacy__fedavgm__noise-0.01__seed-42 existing
PASS main__non-iid__metric-privacy__fedmedian__noise-0.01__seed-42 existing
PASS main__non-iid__metric-privacy__fedprox__noise-0.01__seed-42 existing
FAIL main__homogeneous__metric-privacy__fedopt__noise-0.01__seed-46 training rc=1
PASS main__non-iid__metric-privacy__fedyogi__noise-0.01__seed-42 existing
PASS appendix-b__homogeneous__global-dp__fedavg__noise-0.003__seed-42 existing
PASS appendix-b__homogeneous__global-dp__fedavgm__noise-0.003__seed-42 existing
PASS appendix-b__homogeneous__global-dp__fedmedian__noise-0.003__seed-42 existing
PASS appendix-b__homogeneous__global-dp__fedprox__noise-0.003__seed-42 existing
PASS appendix-b__homogeneous__global-dp__fedopt__noise-0.003__seed-42 existing
PASS appendix-b__homogeneous__global-dp__fedyogi__noise-0.003__seed-42 existing
PASS appendix-b__homogeneous__metric-privacy__fedavg__noise-0.003__seed-42 existing
PASS appendix-b__homogeneous__metric-privacy__fedavgm__noise-0.003__seed-42 existing
PASS appendix-b__homogeneous__metric-privacy__fedmedian__noise-0.003__seed-42 existing
PASS appendix-b__homogeneous__metric-privacy__fedprox__noise-0.003__seed-42 existing
FAIL appendix-b__homogeneous__metric-privacy__fedopt__noise-0.003__seed-42 training rc=1
PASS appendix-b__homogeneous__metric-privacy__fedyogi__noise-0.003__seed-42 existing
PASS appendix-b__homogeneous__global-dp__fedavg__noise-0.05__seed-42 existing
PASS appendix-b__homogeneous__global-dp__fedavg__noise-0.1__seed-42 existing
PASS main__non-iid__metric-privacy__fedopt__noise-0.01__seed-42 150s
