[2026-07-22T12:32:59Z] PASS main__homogeneous__vanilla__fedavg__noise-0.01__seed-42 validated-current-attempt
[2026-07-22T12:32:59Z] PASS main__homogeneous__vanilla__fedavgm__noise-0.01__seed-42 validated-current-attempt
[2026-07-22T12:32:59Z] PASS main__homogeneous__vanilla__fedmedian__noise-0.01__seed-42 validated-current-attempt
[2026-07-22T12:32:59Z] PASS main__homogeneous__vanilla__fedprox__noise-0.01__seed-42 validated-current-attempt
[2026-07-22T12:32:59Z] PASS main__homogeneous__vanilla__fedopt__noise-0.01__seed-42 validated-current-attempt
[2026-07-22T12:32:59Z] PASS main__homogeneous__vanilla__fedyogi__noise-0.01__seed-42 validated-current-attempt
[2026-07-22T12:32:59Z] PASS main__homogeneous__global-dp__fedavg__noise-0.01__seed-42 validated-current-attempt
[2026-07-22T12:33:00Z] PASS main__homogeneous__global-dp__fedavgm__noise-0.01__seed-42 validated-current-attempt
[2026-07-22T12:33:00Z] PASS main__homogeneous__global-dp__fedmedian__noise-0.01__seed-42 validated-current-attempt
[2026-07-22T12:33:00Z] PASS main__homogeneous__global-dp__fedprox__noise-0.01__seed-42 validated-current-attempt
[2026-07-22T12:33:00Z] PASS main__homogeneous__global-dp__fedopt__noise-0.01__seed-42 validated-current-attempt
[2026-07-22T12:33:00Z] PASS main__homogeneous__global-dp__fedyogi__noise-0.01__seed-42 validated-current-attempt
[2026-07-22T12:33:00Z] PASS main__homogeneous__metric-privacy__fedavg__noise-0.01__seed-42 validated-current-attempt
[2026-07-22T12:33:00Z] PASS main__homogeneous__metric-privacy__fedavgm__noise-0.01__seed-42 validated-current-attempt
[2026-07-22T12:33:00Z] PASS main__homogeneous__metric-privacy__fedmedian__noise-0.01__seed-42 validated-current-attempt
[2026-07-22T12:33:00Z] PASS main__homogeneous__metric-privacy__fedprox__noise-0.01__seed-42 validated-current-attempt
[2026-07-22T12:34:30Z] FAIL main__homogeneous__metric-privacy__fedopt__noise-0.01__seed-42 rc=1 duration=90s
[2026-07-22T12:34:30Z] PASS main__homogeneous__metric-privacy__fedyogi__noise-0.01__seed-42 validated-current-attempt
[2026-07-22T12:34:30Z] PASS main__homogeneous__vanilla__fedavg__noise-0.01__seed-43 validated-current-attempt
[2026-07-22T12:34:30Z] PASS main__homogeneous__vanilla__fedavgm__noise-0.01__seed-43 validated-current-attempt
[2026-07-22T12:34:30Z] PASS main__homogeneous__vanilla__fedmedian__noise-0.01__seed-43 validated-current-attempt
[2026-07-22T12:34:30Z] PASS main__homogeneous__vanilla__fedprox__noise-0.01__seed-43 validated-current-attempt
[2026-07-22T12:34:31Z] PASS main__homogeneous__vanilla__fedopt__noise-0.01__seed-43 validated-current-attempt
[2026-07-22T12:34:31Z] PASS main__homogeneous__vanilla__fedyogi__noise-0.01__seed-43 validated-current-attempt
[2026-07-22T12:34:31Z] PASS main__homogeneous__global-dp__fedavg__noise-0.01__seed-43 validated-current-attempt
[2026-07-22T12:34:31Z] PASS main__homogeneous__global-dp__fedavgm__noise-0.01__seed-43 validated-current-attempt
[2026-07-22T12:34:31Z] PASS main__homogeneous__global-dp__fedmedian__noise-0.01__seed-43 validated-current-attempt
[2026-07-22T12:40:12Z] PASS main__homogeneous__global-dp__fedprox__noise-0.01__seed-43 rc=0 duration=341s
./results/run_paper_matrix.sh: line 41: 49121 Killed                  ( printf 'START_UTC=%s\n' "$(date -u +'%FT%TZ')"; printf 'COMMAND='; printf '%q ' "${cmd[@]}"; printf '\n'; nvidia-smi --query-gpu=name,memory.total,memory.used --format=csv,noheader || true; "${cmd[@]}"; rc=$?; printf 'EXIT_CODE=%s\nEND_UTC=%s\n' "$rc" "$(date -u +'%FT%TZ')"; exit "$rc" ) > "$log" 2>&1
[2026-07-22T12:54:47Z] FAIL main__homogeneous__global-dp__fedopt__noise-0.01__seed-43 rc=137 duration=875s
[2026-07-22T12:54:48Z] PASS main__homogeneous__global-dp__fedyogi__noise-0.01__seed-43 validated-current-attempt
[2026-07-22T12:54:48Z] PASS main__homogeneous__metric-privacy__fedavg__noise-0.01__seed-43 validated-current-attempt
[2026-07-22T13:00:33Z] PASS main__homogeneous__metric-privacy__fedavgm__noise-0.01__seed-43 rc=0 duration=345s
[2026-07-22T13:04:21Z] PASS main__homogeneous__metric-privacy__fedmedian__noise-0.01__seed-43 rc=0 duration=228s
[2026-07-22T13:08:19Z] PASS main__homogeneous__metric-privacy__fedprox__noise-0.01__seed-43 rc=0 duration=238s
[2026-07-22T13:10:03Z] FAIL main__homogeneous__metric-privacy__fedopt__noise-0.01__seed-43 rc=1 duration=104s
[2026-07-22T13:13:53Z] PASS main__homogeneous__metric-privacy__fedyogi__noise-0.01__seed-43 rc=0 duration=230s
[2026-07-22T13:17:23Z] PASS main__homogeneous__vanilla__fedavg__noise-0.01__seed-44 rc=0 duration=210s
[2026-07-22T13:21:03Z] PASS main__homogeneous__vanilla__fedavgm__noise-0.01__seed-44 rc=0 duration=220s
[2026-07-22T13:24:40Z] PASS main__homogeneous__vanilla__fedmedian__noise-0.01__seed-44 rc=0 duration=217s
[2026-07-22T13:28:30Z] PASS main__homogeneous__vanilla__fedprox__noise-0.01__seed-44 rc=0 duration=229s
[2026-07-22T13:32:13Z] PASS main__homogeneous__vanilla__fedopt__noise-0.01__seed-44 rc=0 duration=223s
[2026-07-22T13:35:53Z] PASS main__homogeneous__vanilla__fedyogi__noise-0.01__seed-44 rc=0 duration=220s
[2026-07-22T13:39:31Z] PASS main__homogeneous__global-dp__fedavg__noise-0.01__seed-44 rc=0 duration=218s
[2026-07-22T13:43:18Z] PASS main__homogeneous__global-dp__fedavgm__noise-0.01__seed-44 rc=0 duration=227s
[2026-07-22T13:47:03Z] PASS main__homogeneous__global-dp__fedmedian__noise-0.01__seed-44 rc=0 duration=225s
[2026-07-22T13:51:01Z] PASS main__homogeneous__global-dp__fedprox__noise-0.01__seed-44 rc=0 duration=238s
[2026-07-22T13:55:05Z] PASS main__homogeneous__global-dp__fedopt__noise-0.01__seed-44 rc=0 duration=243s
[2026-07-22T13:58:53Z] PASS main__homogeneous__global-dp__fedyogi__noise-0.01__seed-44 rc=0 duration=228s
[2026-07-22T14:02:32Z] PASS main__homogeneous__metric-privacy__fedavg__noise-0.01__seed-44 rc=0 duration=219s
[2026-07-22T14:06:20Z] PASS main__homogeneous__metric-privacy__fedavgm__noise-0.01__seed-44 rc=0 duration=228s
[2026-07-22T14:10:07Z] PASS main__homogeneous__metric-privacy__fedmedian__noise-0.01__seed-44 rc=0 duration=227s
[2026-07-22T14:14:05Z] PASS main__homogeneous__metric-privacy__fedprox__noise-0.01__seed-44 rc=0 duration=238s
[2026-07-22T14:18:13Z] FAIL main__homogeneous__metric-privacy__fedopt__noise-0.01__seed-44 rc=1 duration=247s
[2026-07-22T14:22:04Z] PASS main__homogeneous__metric-privacy__fedyogi__noise-0.01__seed-44 rc=0 duration=231s
[2026-07-22T14:25:30Z] PASS main__homogeneous__vanilla__fedavg__noise-0.01__seed-45 rc=0 duration=206s
[2026-07-22T14:29:08Z] PASS main__homogeneous__vanilla__fedavgm__noise-0.01__seed-45 rc=0 duration=218s
[2026-07-22T14:32:44Z] PASS main__homogeneous__vanilla__fedmedian__noise-0.01__seed-45 rc=0 duration=216s
[2026-07-22T14:36:34Z] PASS main__homogeneous__vanilla__fedprox__noise-0.01__seed-45 rc=0 duration=230s
[2026-07-22T14:40:22Z] PASS main__homogeneous__vanilla__fedopt__noise-0.01__seed-45 rc=0 duration=228s
[2026-07-22T14:44:01Z] PASS main__homogeneous__vanilla__fedyogi__noise-0.01__seed-45 rc=0 duration=219s
[2026-07-22T14:47:36Z] PASS main__homogeneous__global-dp__fedavg__noise-0.01__seed-45 rc=0 duration=215s
[2026-07-22T14:51:29Z] PASS main__homogeneous__global-dp__fedavgm__noise-0.01__seed-45 rc=0 duration=233s
[2026-07-22T14:55:15Z] PASS main__homogeneous__global-dp__fedmedian__noise-0.01__seed-45 rc=0 duration=226s
[2026-07-22T14:59:13Z] PASS main__homogeneous__global-dp__fedprox__noise-0.01__seed-45 rc=0 duration=237s
[2026-07-22T15:03:18Z] PASS main__homogeneous__global-dp__fedopt__noise-0.01__seed-45 rc=0 duration=245s
[2026-07-22T15:07:09Z] PASS main__homogeneous__global-dp__fedyogi__noise-0.01__seed-45 rc=0 duration=231s
[2026-07-22T15:10:48Z] PASS main__homogeneous__metric-privacy__fedavg__noise-0.01__seed-45 rc=0 duration=219s
[2026-07-22T15:14:36Z] PASS main__homogeneous__metric-privacy__fedavgm__noise-0.01__seed-45 rc=0 duration=227s
